app/build/outputs/logs/manifest-merger-debug-report.txt
-- Merging decision tree log ---
manifest
ADDED from src\main\AndroidManifest.xml:18:1-53:12
	xmlns:android
		ADDED from src\main\AndroidManifest.xml:18:11-69
	package
		ADDED from src\main\AndroidManifest.xml:19:5-42
		INJECTED from src\main\AndroidManifest.xml
		INJECTED from src\main\AndroidManifest.xml
uses-permission#android.permission.WRITE_EXTERNAL_STORAGE
ADDED from src\main\AndroidManifest.xml:21:5-81
	android:name
		ADDED from src\main\AndroidManifest.xml:21:22-78
uses-sdk
ADDED from src\main\AndroidManifest.xml:23:5-24:40
	android:targetSdkVersion
		ADDED from src\main\AndroidManifest.xml:24:9-38
		INJECTED from src\main\AndroidManifest.xml
		INJECTED from src\main\AndroidManifest.xml
	android:minSdkVersion
		ADDED from src\main\AndroidManifest.xml:23:15-41
uses-permission#android.permission.CALL_PHONE
ADDED from src\main\AndroidManifest.xml:25:5-68
	android:name
		ADDED from src\main\AndroidManifest.xml:25:22-66
uses-permission#android.permission.READ_PHONE_STATE
ADDED from src\main\AndroidManifest.xml:26:5-74
	android:name
		ADDED from src\main\AndroidManifest.xml:26:22-72
application
ADDED from src\main\AndroidManifest.xml:29:5-52:19
activity#com.android.gesture.builder.GestureBuilderActivity
ADDED from src\main\AndroidManifest.xml:31:9-41:20
	android:label
		ADDED from src\main\AndroidManifest.xml:33:13-53
	android:icon
		ADDED from src\main\AndroidManifest.xml:34:13-55
	android:name
		ADDED from src\main\AndroidManifest.xml:32:13-50
intent-filter#android.intent.action.MAIN+android.intent.category.DEFAULT+android.intent.category.LAUNCHER
ADDED from src\main\AndroidManifest.xml:35:13-39:29
action#android.intent.action.MAIN
ADDED from src\main\AndroidManifest.xml:36:17-69
	android:name
		ADDED from src\main\AndroidManifest.xml:36:25-66
category#android.intent.category.LAUNCHER
ADDED from src\main\AndroidManifest.xml:37:17-77
	android:name
		ADDED from src\main\AndroidManifest.xml:37:27-74
category#android.intent.category.DEFAULT
ADDED from src\main\AndroidManifest.xml:38:17-76
	android:name
		ADDED from src\main\AndroidManifest.xml:38:27-73
activity#com.android.gesture.builder.CreateGestureActivity
ADDED from src\main\AndroidManifest.xml:43:9-45:60
	android:label
		ADDED from src\main\AndroidManifest.xml:45:13-57
	android:name
		ADDED from src\main\AndroidManifest.xml:44:13-49
activity#de.vogella.android.gestures.GestureTest
ADDED from src\main\AndroidManifest.xml:47:9-50:20
	android:label
		ADDED from src\main\AndroidManifest.xml:49:13-53
	android:name
		ADDED from src\main\AndroidManifest.xml:48:13-67